[ 2016-08-23T19:05:31+08:00 ] ::1 /6doffice/index.php/6doffice/index.php/Member/Login/login
INFO: [ app_init ] --START--
INFO: Run Behavior\BuildLiteBehavior [ RunTime:0.000012s ]
INFO: [ app_init ] --END-- [ RunTime:0.000246s ]
ERR: 无法加载模块:6doffice

[ 2016-08-23T19:06:20+08:00 ] ::1 /6doffice/index.php/6doffice/index.php/Member/Login/login
INFO: [ app_init ] --START--
INFO: Run Behavior\BuildLiteBehavior [ RunTime:0.000012s ]
INFO: [ app_init ] --END-- [ RunTime:0.000414s ]
ERR: 无法加载模块:6doffice

[ 2016-08-23T19:06:21+08:00 ] ::1 /6doffice/index.php/6doffice/index.php/Member/Login/login
INFO: [ app_init ] --START--
INFO: Run Behavior\BuildLiteBehavior [ RunTime:0.000013s ]
INFO: [ app_init ] --END-- [ RunTime:0.000278s ]
ERR: 无法加载模块:6doffice

[ 2016-08-23T19:06:22+08:00 ] ::1 /6doffice/index.php/6doffice/index.php/Member/Login/login
INFO: [ app_init ] --START--
INFO: Run Behavior\BuildLiteBehavior [ RunTime:0.000022s ]
INFO: [ app_init ] --END-- [ RunTime:0.000451s ]
ERR: 无法加载模块:6doffice

[ 2016-08-23T19:06:22+08:00 ] ::1 /6doffice/index.php/6doffice/index.php/Member/Login/login
INFO: [ app_init ] --START--
INFO: Run Behavior\BuildLiteBehavior [ RunTime:0.000041s ]
INFO: [ app_init ] --END-- [ RunTime:0.000417s ]
ERR: 无法加载模块:6doffice

[ 2016-08-23T19:07:21+08:00 ] ::1 /6doffice/index.php/6doffice/index.php/Member/Login/login
INFO: [ app_init ] --START--
INFO: Run Behavior\BuildLiteBehavior [ RunTime:0.000012s ]
INFO: [ app_init ] --END-- [ RunTime:0.000364s ]
ERR: 无法加载模块:6doffice

[ 2016-08-23T19:07:22+08:00 ] ::1 /6doffice/index.php/6doffice/index.php/Member/Login/login
INFO: [ app_init ] --START--
INFO: Run Behavior\BuildLiteBehavior [ RunTime:0.000029s ]
INFO: [ app_init ] --END-- [ RunTime:0.000596s ]
ERR: 无法加载模块:6doffice

[ 2016-08-23T19:07:23+08:00 ] ::1 /6doffice/index.php/6doffice/index.php/Member/Login/login
INFO: [ app_init ] --START--
INFO: Run Behavior\BuildLiteBehavior [ RunTime:0.000013s ]
INFO: [ app_init ] --END-- [ RunTime:0.000260s ]
ERR: 无法加载模块:6doffice

[ 2016-08-23T19:07:23+08:00 ] ::1 /6doffice/index.php/6doffice/index.php/Member/Login/login
INFO: [ app_init ] --START--
INFO: Run Behavior\BuildLiteBehavior [ RunTime:0.000011s ]
INFO: [ app_init ] --END-- [ RunTime:0.000246s ]
ERR: 无法加载模块:6doffice

[ 2016-08-23T19:07:45+08:00 ] ::1 /6doffice/index.php/6doffice/index.php/Member/Login/login
INFO: [ app_init ] --START--
INFO: Run Behavior\BuildLiteBehavior [ RunTime:0.000012s ]
INFO: [ app_init ] --END-- [ RunTime:0.000372s ]
ERR: 无法加载模块:6doffice

[ 2016-08-23T19:07:46+08:00 ] ::1 /6doffice/index.php/6doffice/index.php/Member/Login/login
INFO: [ app_init ] --START--
INFO: Run Behavior\BuildLiteBehavior [ RunTime:0.000012s ]
INFO: [ app_init ] --END-- [ RunTime:0.000267s ]
ERR: 无法加载模块:6doffice

[ 2016-08-23T19:07:57+08:00 ] ::1 /6doffice/index.php/6doffice/index.php/Member/Login/login
INFO: [ app_init ] --START--
INFO: Run Behavior\BuildLiteBehavior [ RunTime:0.000011s ]
INFO: [ app_init ] --END-- [ RunTime:0.000251s ]
ERR: 无法加载模块:6doffice

[ 2016-08-23T19:07:58+08:00 ] ::1 /6doffice/index.php/6doffice/index.php/Member/Login/login
INFO: [ app_init ] --START--
INFO: Run Behavior\BuildLiteBehavior [ RunTime:0.000012s ]
INFO: [ app_init ] --END-- [ RunTime:0.000249s ]
ERR: 无法加载模块:6doffice

[ 2016-08-23T19:07:59+08:00 ] ::1 /6doffice/index.php/6doffice/index.php/Member/Login/login
INFO: [ app_init ] --START--
INFO: Run Behavior\BuildLiteBehavior [ RunTime:0.000016s ]
INFO: [ app_init ] --END-- [ RunTime:0.000373s ]
ERR: 无法加载模块:6doffice

[ 2016-08-23T19:08:00+08:00 ] ::1 /6doffice/index.php/6doffice/index.php/Member/Login/login
INFO: [ app_init ] --START--
INFO: Run Behavior\BuildLiteBehavior [ RunTime:0.000021s ]
INFO: [ app_init ] --END-- [ RunTime:0.000424s ]
ERR: 无法加载模块:6doffice

[ 2016-08-23T19:08:01+08:00 ] ::1 /6doffice/index.php/6doffice/index.php/Member/Login/login
INFO: [ app_init ] --START--
INFO: Run Behavior\BuildLiteBehavior [ RunTime:0.000012s ]
INFO: [ app_init ] --END-- [ RunTime:0.000277s ]
ERR: 无法加载模块:6doffice

[ 2016-08-23T19:08:01+08:00 ] ::1 /6doffice/index.php/6doffice/index.php/Member/Login/login
INFO: [ app_init ] --START--
INFO: Run Behavior\BuildLiteBehavior [ RunTime:0.000019s ]
INFO: [ app_init ] --END-- [ RunTime:0.000421s ]
ERR: 无法加载模块:6doffice

[ 2016-08-23T19:08:05+08:00 ] ::1 /6doffice/index.php/6doffice/index.php/Member/Login/login
INFO: [ app_init ] --START--
INFO: Run Behavior\BuildLiteBehavior [ RunTime:0.000012s ]
INFO: [ app_init ] --END-- [ RunTime:0.000252s ]
ERR: 无法加载模块:6doffice

[ 2016-08-23T19:08:06+08:00 ] ::1 /6doffice/index.php/6doffice/index.php/Member/Login/login
INFO: [ app_init ] --START--
INFO: Run Behavior\BuildLiteBehavior [ RunTime:0.000011s ]
INFO: [ app_init ] --END-- [ RunTime:0.000260s ]
ERR: 无法加载模块:6doffice

[ 2016-08-23T19:08:08+08:00 ] ::1 /6doffice/index.php/6doffice/index.php/Member/Login/login
INFO: [ app_init ] --START--
INFO: Run Behavior\BuildLiteBehavior [ RunTime:0.000011s ]
INFO: [ app_init ] --END-- [ RunTime:0.000319s ]
ERR: 无法加载模块:6doffice

[ 2016-08-23T19:08:27+08:00 ] ::1 /6doffice/index.php/6doffice/index.php/Member/Login
INFO: [ app_init ] --START--
INFO: Run Behavior\BuildLiteBehavior [ RunTime:0.000012s ]
INFO: [ app_init ] --END-- [ RunTime:0.000420s ]
ERR: 无法加载模块:6doffice

[ 2016-08-23T19:08:29+08:00 ] ::1 /6doffice/index.php/6doffice/index.php/Member/Login
INFO: [ app_init ] --START--
INFO: Run Behavior\BuildLiteBehavior [ RunTime:0.000022s ]
INFO: [ app_init ] --END-- [ RunTime:0.000401s ]
ERR: 无法加载模块:6doffice

[ 2016-08-23T19:08:30+08:00 ] ::1 /6doffice/index.php/6doffice/index.php/Member/Login
INFO: [ app_init ] --START--
INFO: Run Behavior\BuildLiteBehavior [ RunTime:0.000013s ]
INFO: [ app_init ] --END-- [ RunTime:0.000407s ]
ERR: 无法加载模块:6doffice

[ 2016-08-23T19:08:59+08:00 ] ::1 /6doffice/index.php/6doffice/index.php/Member/Login
INFO: [ app_init ] --START--
INFO: Run Behavior\BuildLiteBehavior [ RunTime:0.000014s ]
INFO: [ app_init ] --END-- [ RunTime:0.000290s ]
ERR: 无法加载模块:6doffice

[ 2016-08-23T19:10:03+08:00 ] ::1 /6doffice/index.php/6doffice/index.php/Member/Login/login
INFO: [ app_init ] --START--
INFO: Run Behavior\BuildLiteBehavior [ RunTime:0.000011s ]
INFO: [ app_init ] --END-- [ RunTime:0.000250s ]
ERR: 无法加载模块:6doffice

[ 2016-08-23T19:10:56+08:00 ] ::1 /6doffice/index.php/6doffice/index.php/Member/Login
INFO: [ app_init ] --START--
INFO: Run Behavior\BuildLiteBehavior [ RunTime:0.000013s ]
INFO: [ app_init ] --END-- [ RunTime:0.000283s ]
ERR: 无法加载模块:6doffice

