[ 2016-08-26T17:49:31+08:00 ] ::1 /6doffice/index.php/My97DatePicker/WdatePicker.js
INFO: [ app_init ] --START--
INFO: Run Behavior\BuildLiteBehavior [ RunTime:0.000014s ]
INFO: [ app_init ] --END-- [ RunTime:0.000403s ]
NOTIC: [8] Undefined variable: cfg /Library/WebServer/Documents/6doffice/Apps/Common/Conf/upload.php 第 109 行.
ERR: 无法加载模块:My97DatePicker

[ 2016-08-26T17:49:31+08:00 ] ::1 /6doffice/index.php/upfile/broker/avatar/20131014213122.jpg
INFO: [ app_init ] --START--
INFO: Run Behavior\BuildLiteBehavior [ RunTime:0.000013s ]
INFO: [ app_init ] --END-- [ RunTime:0.000273s ]
NOTIC: [8] Undefined variable: cfg /Library/WebServer/Documents/6doffice/Apps/Common/Conf/upload.php 第 109 行.
ERR: 无法加载模块:Upfile

[ 2016-08-26T17:49:31+08:00 ] ::1 /6doffice/index.php/upfile/broker/avatar/20131014213122.jpg
INFO: [ app_init ] --START--
INFO: Run Behavior\BuildLiteBehavior [ RunTime:0.000017s ]
INFO: [ app_init ] --END-- [ RunTime:0.000385s ]
NOTIC: [8] Undefined variable: cfg /Library/WebServer/Documents/6doffice/Apps/Common/Conf/upload.php 第 109 行.
ERR: 无法加载模块:Upfile

[ 2016-08-26T17:49:31+08:00 ] ::1 /6doffice/index.php/My97DatePicker/WdatePicker.js
INFO: [ app_init ] --START--
INFO: Run Behavior\BuildLiteBehavior [ RunTime:0.000013s ]
INFO: [ app_init ] --END-- [ RunTime:0.000314s ]
NOTIC: [8] Undefined variable: cfg /Library/WebServer/Documents/6doffice/Apps/Common/Conf/upload.php 第 109 行.
ERR: 无法加载模块:My97DatePicker

[ 2016-08-26T17:49:55+08:00 ] ::1 /6doffice/index.php/upfile/broker/avatar/20131014213122.jpg
INFO: [ app_init ] --START--
INFO: Run Behavior\BuildLiteBehavior [ RunTime:0.000013s ]
INFO: [ app_init ] --END-- [ RunTime:0.000268s ]
NOTIC: [8] Undefined variable: cfg /Library/WebServer/Documents/6doffice/Apps/Common/Conf/upload.php 第 109 行.
ERR: 无法加载模块:Upfile

[ 2016-08-26T17:49:55+08:00 ] ::1 /6doffice/index.php/upfile/broker/avatar/20131014213122.jpg
INFO: [ app_init ] --START--
INFO: Run Behavior\BuildLiteBehavior [ RunTime:0.000012s ]
INFO: [ app_init ] --END-- [ RunTime:0.000265s ]
NOTIC: [8] Undefined variable: cfg /Library/WebServer/Documents/6doffice/Apps/Common/Conf/upload.php 第 109 行.
ERR: 无法加载模块:Upfile

[ 2016-08-26T17:50:42+08:00 ] ::1 /6doffice/index.php/upfile/broker/avatar/20131014213122.jpg
INFO: [ app_init ] --START--
INFO: Run Behavior\BuildLiteBehavior [ RunTime:0.000013s ]
INFO: [ app_init ] --END-- [ RunTime:0.000276s ]
NOTIC: [8] Undefined variable: cfg /Library/WebServer/Documents/6doffice/Apps/Common/Conf/upload.php 第 109 行.
ERR: 无法加载模块:Upfile

[ 2016-08-26T17:50:42+08:00 ] ::1 /6doffice/index.php/upfile/broker/avatar/20131014213122.jpg
INFO: [ app_init ] --START--
INFO: Run Behavior\BuildLiteBehavior [ RunTime:0.000029s ]
INFO: [ app_init ] --END-- [ RunTime:0.000561s ]
NOTIC: [8] Undefined variable: cfg /Library/WebServer/Documents/6doffice/Apps/Common/Conf/upload.php 第 109 行.
ERR: 无法加载模块:Upfile

[ 2016-08-26T17:50:56+08:00 ] ::1 /6doffice/index.php/upfile/broker/avatar/20131014213122.jpg
INFO: [ app_init ] --START--
INFO: Run Behavior\BuildLiteBehavior [ RunTime:0.000038s ]
INFO: [ app_init ] --END-- [ RunTime:0.000301s ]
NOTIC: [8] Undefined variable: cfg /Library/WebServer/Documents/6doffice/Apps/Common/Conf/upload.php 第 109 行.
ERR: 无法加载模块:Upfile

[ 2016-08-26T17:50:56+08:00 ] ::1 /6doffice/index.php/upfile/broker/avatar/20131014213122.jpg
INFO: [ app_init ] --START--
INFO: Run Behavior\BuildLiteBehavior [ RunTime:0.000012s ]
INFO: [ app_init ] --END-- [ RunTime:0.000259s ]
NOTIC: [8] Undefined variable: cfg /Library/WebServer/Documents/6doffice/Apps/Common/Conf/upload.php 第 109 行.
ERR: 无法加载模块:Upfile

[ 2016-08-26T17:52:10+08:00 ] ::1 /6doffice/index.php/upfile/broker/avatar/20131014213122.jpg
INFO: [ app_init ] --START--
INFO: Run Behavior\BuildLiteBehavior [ RunTime:0.000013s ]
INFO: [ app_init ] --END-- [ RunTime:0.000294s ]
NOTIC: [8] Undefined variable: cfg /Library/WebServer/Documents/6doffice/Apps/Common/Conf/upload.php 第 109 行.
ERR: 无法加载模块:Upfile

[ 2016-08-26T17:52:10+08:00 ] ::1 /6doffice/index.php/My97DatePicker/WdatePicker.js
INFO: [ app_init ] --START--
INFO: Run Behavior\BuildLiteBehavior [ RunTime:0.000044s ]
INFO: [ app_init ] --END-- [ RunTime:0.000698s ]
NOTIC: [8] Undefined variable: cfg /Library/WebServer/Documents/6doffice/Apps/Common/Conf/upload.php 第 109 行.
ERR: 无法加载模块:My97DatePicker

[ 2016-08-26T17:52:10+08:00 ] ::1 /6doffice/index.php/upfile/broker/avatar/20131014213122.jpg
INFO: [ app_init ] --START--
INFO: Run Behavior\BuildLiteBehavior [ RunTime:0.000036s ]
INFO: [ app_init ] --END-- [ RunTime:0.000729s ]
NOTIC: [8] Undefined variable: cfg /Library/WebServer/Documents/6doffice/Apps/Common/Conf/upload.php 第 109 行.
ERR: 无法加载模块:Upfile

[ 2016-08-26T17:52:10+08:00 ] ::1 /6doffice/index.php/My97DatePicker/WdatePicker.js
INFO: [ app_init ] --START--
INFO: Run Behavior\BuildLiteBehavior [ RunTime:0.000020s ]
INFO: [ app_init ] --END-- [ RunTime:0.000496s ]
NOTIC: [8] Undefined variable: cfg /Library/WebServer/Documents/6doffice/Apps/Common/Conf/upload.php 第 109 行.
ERR: 无法加载模块:My97DatePicker

[ 2016-08-26T17:52:14+08:00 ] ::1 /6doffice/index.php/upfile/broker/avatar/20131014213122.jpg
INFO: [ app_init ] --START--
INFO: Run Behavior\BuildLiteBehavior [ RunTime:0.000013s ]
INFO: [ app_init ] --END-- [ RunTime:0.000267s ]
NOTIC: [8] Undefined variable: cfg /Library/WebServer/Documents/6doffice/Apps/Common/Conf/upload.php 第 109 行.
ERR: 无法加载模块:Upfile

[ 2016-08-26T17:52:15+08:00 ] ::1 /6doffice/index.php/upfile/broker/avatar/20131014213122.jpg
INFO: [ app_init ] --START--
INFO: Run Behavior\BuildLiteBehavior [ RunTime:0.000013s ]
INFO: [ app_init ] --END-- [ RunTime:0.000256s ]
NOTIC: [8] Undefined variable: cfg /Library/WebServer/Documents/6doffice/Apps/Common/Conf/upload.php 第 109 行.
ERR: 无法加载模块:Upfile

[ 2016-08-26T17:52:22+08:00 ] ::1 /6doffice/index.php/My97DatePicker/WdatePicker.js
INFO: [ app_init ] --START--
INFO: Run Behavior\BuildLiteBehavior [ RunTime:0.000014s ]
INFO: [ app_init ] --END-- [ RunTime:0.000274s ]
NOTIC: [8] Undefined variable: cfg /Library/WebServer/Documents/6doffice/Apps/Common/Conf/upload.php 第 109 行.
ERR: 无法加载模块:My97DatePicker

[ 2016-08-26T17:52:23+08:00 ] ::1 /6doffice/index.php/My97DatePicker/WdatePicker.js
INFO: [ app_init ] --START--
INFO: Run Behavior\BuildLiteBehavior [ RunTime:0.000013s ]
INFO: [ app_init ] --END-- [ RunTime:0.000269s ]
NOTIC: [8] Undefined variable: cfg /Library/WebServer/Documents/6doffice/Apps/Common/Conf/upload.php 第 109 行.
ERR: 无法加载模块:My97DatePicker

[ 2016-08-26T17:52:28+08:00 ] ::1 /6doffice/index.php/upfile/broker/avatar/20131014213122.jpg
INFO: [ app_init ] --START--
INFO: Run Behavior\BuildLiteBehavior [ RunTime:0.000013s ]
INFO: [ app_init ] --END-- [ RunTime:0.000256s ]
NOTIC: [8] Undefined variable: cfg /Library/WebServer/Documents/6doffice/Apps/Common/Conf/upload.php 第 109 行.
ERR: 无法加载模块:Upfile

[ 2016-08-26T17:52:28+08:00 ] ::1 /6doffice/index.php/upfile/broker/avatar/20131014213122.jpg
INFO: [ app_init ] --START--
INFO: Run Behavior\BuildLiteBehavior [ RunTime:0.000011s ]
INFO: [ app_init ] --END-- [ RunTime:0.000255s ]
NOTIC: [8] Undefined variable: cfg /Library/WebServer/Documents/6doffice/Apps/Common/Conf/upload.php 第 109 行.
ERR: 无法加载模块:Upfile

[ 2016-08-26T17:53:31+08:00 ] ::1 /6doffice/index.php/upfile/broker/avatar/20131014213122.jpg
INFO: [ app_init ] --START--
INFO: Run Behavior\BuildLiteBehavior [ RunTime:0.000019s ]
INFO: [ app_init ] --END-- [ RunTime:0.000415s ]
NOTIC: [8] Undefined variable: cfg /Library/WebServer/Documents/6doffice/Apps/Common/Conf/upload.php 第 109 行.
ERR: 无法加载模块:Upfile

[ 2016-08-26T17:53:31+08:00 ] ::1 /6doffice/index.php/My97DatePicker/WdatePicker.js
INFO: [ app_init ] --START--
INFO: Run Behavior\BuildLiteBehavior [ RunTime:0.000016s ]
INFO: [ app_init ] --END-- [ RunTime:0.000385s ]
NOTIC: [8] Undefined variable: cfg /Library/WebServer/Documents/6doffice/Apps/Common/Conf/upload.php 第 109 行.
ERR: 无法加载模块:My97DatePicker

[ 2016-08-26T17:53:32+08:00 ] ::1 /6doffice/index.php/upfile/broker/avatar/20131014213122.jpg
INFO: [ app_init ] --START--
INFO: Run Behavior\BuildLiteBehavior [ RunTime:0.000014s ]
INFO: [ app_init ] --END-- [ RunTime:0.000275s ]
NOTIC: [8] Undefined variable: cfg /Library/WebServer/Documents/6doffice/Apps/Common/Conf/upload.php 第 109 行.
ERR: 无法加载模块:Upfile

[ 2016-08-26T17:53:32+08:00 ] ::1 /6doffice/index.php/My97DatePicker/WdatePicker.js
INFO: [ app_init ] --START--
INFO: Run Behavior\BuildLiteBehavior [ RunTime:0.000012s ]
INFO: [ app_init ] --END-- [ RunTime:0.000282s ]
NOTIC: [8] Undefined variable: cfg /Library/WebServer/Documents/6doffice/Apps/Common/Conf/upload.php 第 109 行.
ERR: 无法加载模块:My97DatePicker

[ 2016-08-26T17:53:53+08:00 ] ::1 /6doffice/index.php/upfile/broker/avatar/20131014213122.jpg
INFO: [ app_init ] --START--
INFO: Run Behavior\BuildLiteBehavior [ RunTime:0.000014s ]
INFO: [ app_init ] --END-- [ RunTime:0.000639s ]
NOTIC: [8] Undefined variable: cfg /Library/WebServer/Documents/6doffice/Apps/Common/Conf/upload.php 第 109 行.
ERR: 无法加载模块:Upfile

[ 2016-08-26T18:00:52+08:00 ] ::1 /6doffice/index.php/upfile/broker/avatar/20131014213122.jpg
INFO: [ app_init ] --START--
INFO: Run Behavior\BuildLiteBehavior [ RunTime:0.000034s ]
INFO: [ app_init ] --END-- [ RunTime:0.000522s ]
NOTIC: [8] Undefined variable: cfg /Library/WebServer/Documents/6doffice/Apps/Common/Conf/upload.php 第 109 行.
ERR: 无法加载模块:Upfile

[ 2016-08-26T18:00:52+08:00 ] ::1 /6doffice/index.php/upfile/broker/avatar/20131014213122.jpg
INFO: [ app_init ] --START--
INFO: Run Behavior\BuildLiteBehavior [ RunTime:0.000013s ]
INFO: [ app_init ] --END-- [ RunTime:0.000296s ]
NOTIC: [8] Undefined variable: cfg /Library/WebServer/Documents/6doffice/Apps/Common/Conf/upload.php 第 109 行.
ERR: 无法加载模块:Upfile

[ 2016-08-26T18:01:27+08:00 ] ::1 /6doffice/index.php/upfile/broker/avatar/20131014213122.jpg
INFO: [ app_init ] --START--
INFO: Run Behavior\BuildLiteBehavior [ RunTime:0.000012s ]
INFO: [ app_init ] --END-- [ RunTime:0.000260s ]
NOTIC: [8] Undefined variable: cfg /Library/WebServer/Documents/6doffice/Apps/Common/Conf/upload.php 第 109 行.
ERR: 无法加载模块:Upfile

[ 2016-08-26T18:01:27+08:00 ] ::1 /6doffice/index.php/My97DatePicker/WdatePicker.js
INFO: [ app_init ] --START--
INFO: Run Behavior\BuildLiteBehavior [ RunTime:0.000017s ]
INFO: [ app_init ] --END-- [ RunTime:0.000394s ]
NOTIC: [8] Undefined variable: cfg /Library/WebServer/Documents/6doffice/Apps/Common/Conf/upload.php 第 109 行.
ERR: 无法加载模块:My97DatePicker

[ 2016-08-26T18:01:28+08:00 ] ::1 /6doffice/index.php/upfile/broker/avatar/20131014213122.jpg
INFO: [ app_init ] --START--
INFO: Run Behavior\BuildLiteBehavior [ RunTime:0.000046s ]
INFO: [ app_init ] --END-- [ RunTime:0.000518s ]
NOTIC: [8] Undefined variable: cfg /Library/WebServer/Documents/6doffice/Apps/Common/Conf/upload.php 第 109 行.
ERR: 无法加载模块:Upfile

[ 2016-08-26T18:01:28+08:00 ] ::1 /6doffice/index.php/My97DatePicker/WdatePicker.js
INFO: [ app_init ] --START--
INFO: Run Behavior\BuildLiteBehavior [ RunTime:0.000043s ]
INFO: [ app_init ] --END-- [ RunTime:0.000472s ]
NOTIC: [8] Undefined variable: cfg /Library/WebServer/Documents/6doffice/Apps/Common/Conf/upload.php 第 109 行.
ERR: 无法加载模块:My97DatePicker

[ 2016-08-26T18:18:47+08:00 ] ::1 /6doffice/index.php/upfile/broker/avatar/20131014213122.jpg
INFO: [ app_init ] --START--
INFO: Run Behavior\BuildLiteBehavior [ RunTime:0.000017s ]
INFO: [ app_init ] --END-- [ RunTime:0.000845s ]
NOTIC: [8] Undefined variable: cfg /Library/WebServer/Documents/6doffice/Apps/Common/Conf/upload.php 第 109 行.
ERR: 无法加载模块:Upfile

