[ 2016-08-19T17:45:42+08:00 ] ::1 /6doffice/index.php/login.html
INFO: [ app_init ] --START--
INFO: Run Behavior\BuildLiteBehavior [ RunTime:0.000013s ]
INFO: [ app_init ] --END-- [ RunTime:0.000256s ]
ERR: 无法加载模块:Login

[ 2016-08-19T17:51:07+08:00 ] ::1 /6doffice/index.php/blank_page.html
INFO: [ app_init ] --START--
INFO: Run Behavior\BuildLiteBehavior [ RunTime:0.000011s ]
INFO: [ app_init ] --END-- [ RunTime:0.000366s ]
ERR: 无法加载模块:Blank_page

[ 2016-08-19T17:51:13+08:00 ] ::1 /6doffice/index.php/boxed_view.html
INFO: [ app_init ] --START--
INFO: Run Behavior\BuildLiteBehavior [ RunTime:0.000025s ]
INFO: [ app_init ] --END-- [ RunTime:0.000428s ]
ERR: 无法加载模块:Boxed_view

[ 2016-08-19T17:51:24+08:00 ] ::1 /6doffice/index.php/leftmenu_collapsed_view.html
INFO: [ app_init ] --START--
INFO: Run Behavior\BuildLiteBehavior [ RunTime:0.000012s ]
INFO: [ app_init ] --END-- [ RunTime:0.000270s ]
ERR: 无法加载模块:Leftmenu_collapsed_view

[ 2016-08-19T17:51:33+08:00 ] ::1 /6doffice/index.php/form_layouts.html
INFO: [ app_init ] --START--
INFO: Run Behavior\BuildLiteBehavior [ RunTime:0.000012s ]
INFO: [ app_init ] --END-- [ RunTime:0.000258s ]
ERR: 无法加载模块:Form_layouts

[ 2016-08-19T18:05:48+08:00 ] ::1 /6doffice/index.php/general.html
INFO: [ app_init ] --START--
INFO: Run Behavior\BuildLiteBehavior [ RunTime:0.000011s ]
INFO: [ app_init ] --END-- [ RunTime:0.000356s ]
ERR: 无法加载模块:General

[ 2016-08-19T18:52:23+08:00 ] ::1 /6doffice/index.php/mail.html
INFO: [ app_init ] --START--
INFO: Run Behavior\BuildLiteBehavior [ RunTime:0.000019s ]
INFO: [ app_init ] --END-- [ RunTime:0.000500s ]
ERR: 无法加载模块:Mail

[ 2016-08-19T18:52:28+08:00 ] ::1 /6doffice/index.php/form_layouts.html
INFO: [ app_init ] --START--
INFO: Run Behavior\BuildLiteBehavior [ RunTime:0.000026s ]
INFO: [ app_init ] --END-- [ RunTime:0.000530s ]
ERR: 无法加载模块:Form_layouts

[ 2016-08-19T19:00:35+08:00 ] ::1 /6doffice/index.php/buttons.html
INFO: [ app_init ] --START--
INFO: Run Behavior\BuildLiteBehavior [ RunTime:0.000012s ]
INFO: [ app_init ] --END-- [ RunTime:0.000356s ]
ERR: 无法加载模块:Buttons

