[ 2016-08-30T11:06:27+08:00 ] ::1 /6doffice/index.php/Member/Login/verify/id/1
INFO: [ app_init ] --START--
INFO: Run Behavior\BuildLiteBehavior [ RunTime:0.000036s ]
INFO: [ app_init ] --END-- [ RunTime:0.049267s ]
NOTIC: [8] Undefined variable: cfg /Library/WebServer/Documents/6doffice/Apps/Common/Conf/upload.php 第 109 行.
INFO: [ app_begin ] --START--
INFO: Run Behavior\ReadHtmlCacheBehavior [ RunTime:0.014820s ]
INFO: [ app_begin ] --END-- [ RunTime:0.015006s ]
INFO: [ app_end ] --START--
INFO: Run Behavior\ShowPageTraceBehavior [ RunTime:0.022710s ]
INFO: [ app_end ] --END-- [ RunTime:0.022883s ]

[ 2016-08-30T11:06:27+08:00 ] ::1 /6doffice/index.php/Member/Login/verify/id/2
INFO: [ app_init ] --START--
INFO: Run Behavior\BuildLiteBehavior [ RunTime:0.000036s ]
INFO: [ app_init ] --END-- [ RunTime:0.033333s ]
NOTIC: [8] Undefined variable: cfg /Library/WebServer/Documents/6doffice/Apps/Common/Conf/upload.php 第 109 行.
INFO: [ app_begin ] --START--
INFO: Run Behavior\ReadHtmlCacheBehavior [ RunTime:0.015984s ]
INFO: [ app_begin ] --END-- [ RunTime:0.016156s ]
INFO: [ app_end ] --START--
INFO: Run Behavior\ShowPageTraceBehavior [ RunTime:0.000561s ]
INFO: [ app_end ] --END-- [ RunTime:0.000688s ]

